2025-10-28 04:11:36 - bias_detection - INFO - Starting bias detection for: orders
2025-10-28 04:11:37 - bias_detection - INFO - Identifying protected attributes...
2025-10-28 04:11:37 - bias_detection - INFO - Using protected attributes from schema profile: ['Ship Mode', 'Segment', 'Market', 'Region', 'Category', 'Sub-Category', 'Order Priority']
2025-10-28 04:11:37 - bias_detection - INFO - Protected attributes to analyze: ['Ship Mode', 'Segment', 'Market', 'Region', 'Category', 'Sub-Category', 'Order Priority']
2025-10-28 04:11:37 - bias_detection - INFO - Identifying numerical metrics...
2025-10-28 04:11:37 - bias_detection - INFO - Using metrics from schema profile: ['Postal Code', 'Sales', 'Discount', 'Profit', 'Shipping Cost']
2025-10-28 04:11:37 - bias_detection - INFO - Metrics to analyze: ['Postal Code', 'Sales', 'Discount', 'Profit', 'Shipping Cost']
2025-10-28 04:11:37 - bias_detection - WARNING - ⚠ Representation bias detected in Ship Mode
2025-10-28 04:11:37 - bias_detection - INFO - Analyzing bias: Ship Mode vs Postal Code
2025-10-28 04:11:37 - bias_detection - INFO - Analyzing Postal Code across Ship Mode...
2025-10-28 04:11:37 - bias_detection - INFO - Analyzing bias: Ship Mode vs Sales
2025-10-28 04:11:37 - bias_detection - INFO - Analyzing Sales across Ship Mode...
2025-10-28 04:11:37 - bias_detection - INFO - Analyzing bias: Ship Mode vs Discount
2025-10-28 04:11:37 - bias_detection - INFO - Analyzing Discount across Ship Mode...
2025-10-28 04:11:37 - bias_detection - INFO - Analyzing bias: Ship Mode vs Profit
2025-10-28 04:11:37 - bias_detection - INFO - Analyzing Profit across Ship Mode...
2025-10-28 04:11:37 - bias_detection - INFO - Analyzing bias: Ship Mode vs Shipping Cost
2025-10-28 04:11:37 - bias_detection - INFO - Analyzing Shipping Cost across Ship Mode...
2025-10-28 04:11:37 - bias_detection - WARNING - ⚠ Potential bias detected: Ship Mode vs Shipping Cost (Disparate Impact Ratio: 0.465)
2025-10-28 04:11:37 - bias_detection - INFO - ℹ Significant difference detected: Ship Mode vs Shipping Cost (p-value: 0.0000)
2025-10-28 04:11:37 - bias_detection - INFO - Analyzing bias: Segment vs Postal Code
2025-10-28 04:11:37 - bias_detection - INFO - Analyzing Postal Code across Segment...
2025-10-28 04:11:37 - bias_detection - INFO - Analyzing bias: Segment vs Sales
2025-10-28 04:11:37 - bias_detection - INFO - Analyzing Sales across Segment...
2025-10-28 04:11:37 - bias_detection - INFO - Analyzing bias: Segment vs Discount
2025-10-28 04:11:37 - bias_detection - INFO - Analyzing Discount across Segment...
2025-10-28 04:11:37 - bias_detection - INFO - Analyzing bias: Segment vs Profit
2025-10-28 04:11:37 - bias_detection - INFO - Analyzing Profit across Segment...
2025-10-28 04:11:37 - bias_detection - INFO - Analyzing bias: Segment vs Shipping Cost
2025-10-28 04:11:37 - bias_detection - INFO - Analyzing Shipping Cost across Segment...
2025-10-28 04:11:37 - bias_detection - WARNING - ⚠ Representation bias detected in Market
2025-10-28 04:11:37 - bias_detection - INFO - Analyzing bias: Market vs Postal Code
2025-10-28 04:11:37 - bias_detection - INFO - Analyzing Postal Code across Market...
2025-10-28 04:11:37 - bias_detection - INFO - Analyzing bias: Market vs Sales
2025-10-28 04:11:37 - bias_detection - INFO - Analyzing Sales across Market...
2025-10-28 04:11:37 - bias_detection - WARNING - ⚠ Potential bias detected: Market vs Sales (Disparate Impact Ratio: 0.492)
2025-10-28 04:11:37 - bias_detection - INFO - ℹ Significant difference detected: Market vs Sales (p-value: 0.0000)
2025-10-28 04:11:37 - bias_detection - INFO - Analyzing bias: Market vs Discount
2025-10-28 04:11:37 - bias_detection - INFO - Analyzing Discount across Market...
2025-10-28 04:11:37 - bias_detection - WARNING - ⚠ Potential bias detected: Market vs Discount (Disparate Impact Ratio: 0.000)
2025-10-28 04:11:37 - bias_detection - INFO - ℹ Significant difference detected: Market vs Discount (p-value: 0.0000)
2025-10-28 04:11:37 - bias_detection - INFO - Analyzing bias: Market vs Profit
2025-10-28 04:11:37 - bias_detection - INFO - Analyzing Profit across Market...
2025-10-28 04:11:37 - bias_detection - WARNING - ⚠ Potential bias detected: Market vs Profit (Disparate Impact Ratio: 0.188)
2025-10-28 04:11:37 - bias_detection - INFO - ℹ Significant difference detected: Market vs Profit (p-value: 0.0000)
2025-10-28 04:11:37 - bias_detection - INFO - Analyzing bias: Market vs Shipping Cost
2025-10-28 04:11:37 - bias_detection - INFO - Analyzing Shipping Cost across Market...
2025-10-28 04:11:37 - bias_detection - WARNING - ⚠ Potential bias detected: Market vs Shipping Cost (Disparate Impact Ratio: 0.499)
2025-10-28 04:11:37 - bias_detection - INFO - ℹ Significant difference detected: Market vs Shipping Cost (p-value: 0.0000)
2025-10-28 04:11:37 - bias_detection - WARNING - ⚠ Representation bias detected in Region
2025-10-28 04:11:37 - bias_detection - INFO - Analyzing bias: Region vs Postal Code
2025-10-28 04:11:37 - bias_detection - INFO - Analyzing Postal Code across Region...
2025-10-28 04:11:37 - bias_detection - WARNING - ⚠ Potential bias detected: Region vs Postal Code (Disparate Impact Ratio: 0.192)
2025-10-28 04:11:37 - bias_detection - INFO - Analyzing bias: Region vs Sales
2025-10-28 04:11:37 - bias_detection - INFO - Analyzing Sales across Region...
2025-10-28 04:11:37 - bias_detection - WARNING - ⚠ Potential bias detected: Region vs Sales (Disparate Impact Ratio: 0.436)
2025-10-28 04:11:37 - bias_detection - INFO - ℹ Significant difference detected: Region vs Sales (p-value: 0.0000)
2025-10-28 04:11:37 - bias_detection - INFO - Analyzing bias: Region vs Discount
2025-10-28 04:11:37 - bias_detection - INFO - Analyzing Discount across Region...
2025-10-28 04:11:37 - bias_detection - WARNING - ⚠ Potential bias detected: Region vs Discount (Disparate Impact Ratio: 0.000)
2025-10-28 04:11:37 - bias_detection - INFO - ℹ Significant difference detected: Region vs Discount (p-value: 0.0000)
2025-10-28 04:11:37 - bias_detection - INFO - Analyzing bias: Region vs Profit
2025-10-28 04:11:37 - bias_detection - INFO - Analyzing Profit across Region...
2025-10-28 04:11:37 - bias_detection - WARNING - ⚠ Potential bias detected: Region vs Profit (Disparate Impact Ratio: 0.081)
2025-10-28 04:11:37 - bias_detection - INFO - ℹ Significant difference detected: Region vs Profit (p-value: 0.0000)
2025-10-28 04:11:37 - bias_detection - INFO - Analyzing bias: Region vs Shipping Cost
2025-10-28 04:11:37 - bias_detection - INFO - Analyzing Shipping Cost across Region...
2025-10-28 04:11:37 - bias_detection - WARNING - ⚠ Potential bias detected: Region vs Shipping Cost (Disparate Impact Ratio: 0.432)
2025-10-28 04:11:37 - bias_detection - INFO - ℹ Significant difference detected: Region vs Shipping Cost (p-value: 0.0000)
2025-10-28 04:11:37 - bias_detection - INFO - Analyzing bias: Category vs Postal Code
2025-10-28 04:11:37 - bias_detection - INFO - Analyzing Postal Code across Category...
2025-10-28 04:11:37 - bias_detection - INFO - Analyzing bias: Category vs Sales
2025-10-28 04:11:37 - bias_detection - INFO - Analyzing Sales across Category...
2025-10-28 04:11:37 - bias_detection - WARNING - ⚠ Potential bias detected: Category vs Sales (Disparate Impact Ratio: 0.259)
2025-10-28 04:11:37 - bias_detection - INFO - ℹ Significant difference detected: Category vs Sales (p-value: 0.0000)
2025-10-28 04:11:37 - bias_detection - INFO - Analyzing bias: Category vs Discount
2025-10-28 04:11:37 - bias_detection - INFO - Analyzing Discount across Category...
2025-10-28 04:11:37 - bias_detection - INFO - ℹ Significant difference detected: Category vs Discount (p-value: 0.0000)
2025-10-28 04:11:37 - bias_detection - INFO - Analyzing bias: Category vs Profit
2025-10-28 04:11:37 - bias_detection - INFO - Analyzing Profit across Category...
2025-10-28 04:11:37 - bias_detection - WARNING - ⚠ Potential bias detected: Category vs Profit (Disparate Impact Ratio: 0.253)
2025-10-28 04:11:37 - bias_detection - INFO - ℹ Significant difference detected: Category vs Profit (p-value: 0.0000)
2025-10-28 04:11:37 - bias_detection - INFO - Analyzing bias: Category vs Shipping Cost
2025-10-28 04:11:37 - bias_detection - INFO - Analyzing Shipping Cost across Category...
2025-10-28 04:11:37 - bias_detection - WARNING - ⚠ Potential bias detected: Category vs Shipping Cost (Disparate Impact Ratio: 0.259)
2025-10-28 04:11:37 - bias_detection - INFO - ℹ Significant difference detected: Category vs Shipping Cost (p-value: 0.0000)
2025-10-28 04:11:37 - bias_detection - WARNING - ⚠ Representation bias detected in Sub-Category
2025-10-28 04:11:37 - bias_detection - INFO - Analyzing bias: Sub-Category vs Postal Code
2025-10-28 04:11:37 - bias_detection - INFO - Analyzing Postal Code across Sub-Category...
2025-10-28 04:11:37 - bias_detection - INFO - Analyzing bias: Sub-Category vs Sales
2025-10-28 04:11:37 - bias_detection - INFO - Analyzing Sales across Sub-Category...
2025-10-28 04:11:37 - bias_detection - WARNING - ⚠ Potential bias detected: Sub-Category vs Sales (Disparate Impact Ratio: 0.032)
2025-10-28 04:11:37 - bias_detection - INFO - ℹ Significant difference detected: Sub-Category vs Sales (p-value: 0.0000)
2025-10-28 04:11:37 - bias_detection - INFO - Analyzing bias: Sub-Category vs Discount
2025-10-28 04:11:37 - bias_detection - INFO - Analyzing Discount across Sub-Category...
2025-10-28 04:11:37 - bias_detection - WARNING - ⚠ Potential bias detected: Sub-Category vs Discount (Disparate Impact Ratio: 0.377)
2025-10-28 04:11:37 - bias_detection - INFO - ℹ Significant difference detected: Sub-Category vs Discount (p-value: 0.0000)
2025-10-28 04:11:37 - bias_detection - INFO - Analyzing bias: Sub-Category vs Profit
2025-10-28 04:11:37 - bias_detection - INFO - Analyzing Profit across Sub-Category...
2025-10-28 04:11:37 - bias_detection - WARNING - ⚠ Potential bias detected: Sub-Category vs Profit (Disparate Impact Ratio: -0.640)
2025-10-28 04:11:37 - bias_detection - INFO - ℹ Significant difference detected: Sub-Category vs Profit (p-value: 0.0000)
2025-10-28 04:11:37 - bias_detection - INFO - Analyzing bias: Sub-Category vs Shipping Cost
2025-10-28 04:11:37 - bias_detection - INFO - Analyzing Shipping Cost across Sub-Category...
2025-10-28 04:11:38 - bias_detection - WARNING - ⚠ Potential bias detected: Sub-Category vs Shipping Cost (Disparate Impact Ratio: 0.033)
2025-10-28 04:11:38 - bias_detection - INFO - ℹ Significant difference detected: Sub-Category vs Shipping Cost (p-value: 0.0000)
2025-10-28 04:11:38 - bias_detection - WARNING - ⚠ Representation bias detected in Order Priority
2025-10-28 04:11:38 - bias_detection - INFO - Analyzing bias: Order Priority vs Postal Code
2025-10-28 04:11:38 - bias_detection - INFO - Analyzing Postal Code across Order Priority...
2025-10-28 04:11:38 - bias_detection - INFO - Analyzing bias: Order Priority vs Sales
2025-10-28 04:11:38 - bias_detection - INFO - Analyzing Sales across Order Priority...
2025-10-28 04:11:38 - bias_detection - INFO - Analyzing bias: Order Priority vs Discount
2025-10-28 04:11:38 - bias_detection - INFO - Analyzing Discount across Order Priority...
2025-10-28 04:11:38 - bias_detection - INFO - Analyzing bias: Order Priority vs Profit
2025-10-28 04:11:38 - bias_detection - INFO - Analyzing Profit across Order Priority...
2025-10-28 04:11:38 - bias_detection - WARNING - ⚠ Potential bias detected: Order Priority vs Profit (Disparate Impact Ratio: 0.766)
2025-10-28 04:11:38 - bias_detection - INFO - Analyzing bias: Order Priority vs Shipping Cost
2025-10-28 04:11:38 - bias_detection - INFO - Analyzing Shipping Cost across Order Priority...
2025-10-28 04:11:38 - bias_detection - WARNING - ⚠ Potential bias detected: Order Priority vs Shipping Cost (Disparate Impact Ratio: 0.309)
2025-10-28 04:11:38 - bias_detection - INFO - ℹ Significant difference detected: Order Priority vs Shipping Cost (p-value: 0.0000)
2025-10-28 04:11:38 - bias_detection - INFO - Bias report saved to data/processed/orders_bias_report.json
2025-10-28 04:11:38 - bias_detection - INFO - ✓ Bias detection completed: 24 bias flags out of 35 tests
